C:\USERS\PC-4\DOCUMENTS\VISUAL STUDIO 2012\PROJECTS\IMAGE_THRESHOLD\IMAGE_THRESHOLD\X64\DEBUG\MAIN.OBJ
C:\USERS\PC-4\DOCUMENTS\VISUAL STUDIO 2012\PROJECTS\IMAGE_THRESHOLD\IMAGE_THRESHOLD\X64\DEBUG\VC110.PDB
C:\USERS\PC-4\DESKTOP\IMAGE_RBPLANEFILTER\IMAGE_THRESHOLD\X64\DEBUG\VC110.PDB
C:\USERS\PC-4\DESKTOP\IMAGE_RBPLANEFILTER\IMAGE_THRESHOLD\X64\DEBUG\MAIN.OBJ
C:\USERS\PC-4\DOCUMENTS\VISUAL STUDIO 2012\PROJECTS\IMAGE_THRESHOLD\X64\DEBUG\IMAGE_THRESHOLD.ILK
C:\USERS\PC-4\DOCUMENTS\VISUAL STUDIO 2012\PROJECTS\IMAGE_THRESHOLD\X64\DEBUG\IMAGE_THRESHOLD.EXE
C:\USERS\PC-4\DOCUMENTS\VISUAL STUDIO 2012\PROJECTS\IMAGE_THRESHOLD\X64\DEBUG\IMAGE_THRESHOLD.PDB
C:\USERS\PC-4\DESKTOP\IMAGE_RBPLANEFILTER\X64\DEBUG\IMAGE_THRESHOLD.ILK
C:\USERS\PC-4\DESKTOP\IMAGE_RBPLANEFILTER\X64\DEBUG\IMAGE_THRESHOLD.EXE
C:\USERS\PC-4\DESKTOP\IMAGE_RBPLANEFILTER\X64\DEBUG\IMAGE_THRESHOLD.PDB
C:\Users\PC-4\Desktop\image_RBPlaneFilter\image_threshold\x64\Debug\main.obj
C:\Users\PC-4\Desktop\image_RBPlaneFilter\image_threshold\x64\Debug\cl.command.1.tlog
C:\Users\PC-4\Desktop\image_RBPlaneFilter\image_threshold\x64\Debug\CL.read.1.tlog
C:\Users\PC-4\Desktop\image_RBPlaneFilter\image_threshold\x64\Debug\CL.write.1.tlog
C:\Users\PC-4\Desktop\image_RBPlaneFilter\image_threshold\x64\Debug\link-cvtres.read.1.tlog
C:\Users\PC-4\Desktop\image_RBPlaneFilter\image_threshold\x64\Debug\link-cvtres.write.1.tlog
C:\Users\PC-4\Desktop\image_RBPlaneFilter\image_threshold\x64\Debug\link-rc.read.1.tlog
C:\Users\PC-4\Desktop\image_RBPlaneFilter\image_threshold\x64\Debug\link-rc.write.1.tlog
C:\Users\PC-4\Desktop\image_RBPlaneFilter\image_threshold\x64\Debug\link.3752-cvtres.read.1.tlog
C:\Users\PC-4\Desktop\image_RBPlaneFilter\image_threshold\x64\Debug\link.3752-cvtres.write.1.tlog
C:\Users\PC-4\Desktop\image_RBPlaneFilter\image_threshold\x64\Debug\link.3752-rc.read.1.tlog
C:\Users\PC-4\Desktop\image_RBPlaneFilter\image_threshold\x64\Debug\link.3752-rc.write.1.tlog
C:\Users\PC-4\Desktop\image_RBPlaneFilter\image_threshold\x64\Debug\link.3752.read.1.tlog
C:\Users\PC-4\Desktop\image_RBPlaneFilter\image_threshold\x64\Debug\link.3752.write.1.tlog
C:\Users\PC-4\Desktop\image_RBPlaneFilter\image_threshold\x64\Debug\link.4812-cvtres.read.1.tlog
C:\Users\PC-4\Desktop\image_RBPlaneFilter\image_threshold\x64\Debug\link.4812-cvtres.write.1.tlog
C:\Users\PC-4\Desktop\image_RBPlaneFilter\image_threshold\x64\Debug\link.4812-rc.read.1.tlog
C:\Users\PC-4\Desktop\image_RBPlaneFilter\image_threshold\x64\Debug\link.4812-rc.write.1.tlog
C:\Users\PC-4\Desktop\image_RBPlaneFilter\image_threshold\x64\Debug\link.4812.read.1.tlog
C:\Users\PC-4\Desktop\image_RBPlaneFilter\image_threshold\x64\Debug\link.4812.write.1.tlog
C:\Users\PC-4\Desktop\image_RBPlaneFilter\image_threshold\x64\Debug\link.5536-cvtres.read.1.tlog
C:\Users\PC-4\Desktop\image_RBPlaneFilter\image_threshold\x64\Debug\link.5536-cvtres.write.1.tlog
C:\Users\PC-4\Desktop\image_RBPlaneFilter\image_threshold\x64\Debug\link.5536-rc.read.1.tlog
C:\Users\PC-4\Desktop\image_RBPlaneFilter\image_threshold\x64\Debug\link.5536-rc.write.1.tlog
C:\Users\PC-4\Desktop\image_RBPlaneFilter\image_threshold\x64\Debug\link.5536.read.1.tlog
C:\Users\PC-4\Desktop\image_RBPlaneFilter\image_threshold\x64\Debug\link.5536.write.1.tlog
C:\Users\PC-4\Desktop\image_RBPlaneFilter\image_threshold\x64\Debug\link.6132-cvtres.read.1.tlog
C:\Users\PC-4\Desktop\image_RBPlaneFilter\image_threshold\x64\Debug\link.6132-cvtres.write.1.tlog
C:\Users\PC-4\Desktop\image_RBPlaneFilter\image_threshold\x64\Debug\link.6132-rc.read.1.tlog
C:\Users\PC-4\Desktop\image_RBPlaneFilter\image_threshold\x64\Debug\link.6132-rc.write.1.tlog
C:\Users\PC-4\Desktop\image_RBPlaneFilter\image_threshold\x64\Debug\link.6132.read.1.tlog
C:\Users\PC-4\Desktop\image_RBPlaneFilter\image_threshold\x64\Debug\link.6132.write.1.tlog
C:\Users\PC-4\Desktop\image_RBPlaneFilter\image_threshold\x64\Debug\link.6716-cvtres.read.1.tlog
C:\Users\PC-4\Desktop\image_RBPlaneFilter\image_threshold\x64\Debug\link.6716-cvtres.write.1.tlog
C:\Users\PC-4\Desktop\image_RBPlaneFilter\image_threshold\x64\Debug\link.6716-rc.read.1.tlog
C:\Users\PC-4\Desktop\image_RBPlaneFilter\image_threshold\x64\Debug\link.6716-rc.write.1.tlog
C:\Users\PC-4\Desktop\image_RBPlaneFilter\image_threshold\x64\Debug\link.6716.read.1.tlog
C:\Users\PC-4\Desktop\image_RBPlaneFilter\image_threshold\x64\Debug\link.6716.write.1.tlog
C:\Users\PC-4\Desktop\image_RBPlaneFilter\image_threshold\x64\Debug\link.7800-cvtres.read.1.tlog
C:\Users\PC-4\Desktop\image_RBPlaneFilter\image_threshold\x64\Debug\link.7800-cvtres.write.1.tlog
C:\Users\PC-4\Desktop\image_RBPlaneFilter\image_threshold\x64\Debug\link.7800-rc.read.1.tlog
C:\Users\PC-4\Desktop\image_RBPlaneFilter\image_threshold\x64\Debug\link.7800-rc.write.1.tlog
C:\Users\PC-4\Desktop\image_RBPlaneFilter\image_threshold\x64\Debug\link.7800.read.1.tlog
C:\Users\PC-4\Desktop\image_RBPlaneFilter\image_threshold\x64\Debug\link.7800.write.1.tlog
C:\Users\PC-4\Desktop\image_RBPlaneFilter\image_threshold\x64\Debug\link.8096-cvtres.read.1.tlog
C:\Users\PC-4\Desktop\image_RBPlaneFilter\image_threshold\x64\Debug\link.8096-cvtres.write.1.tlog
C:\Users\PC-4\Desktop\image_RBPlaneFilter\image_threshold\x64\Debug\link.8096-rc.read.1.tlog
C:\Users\PC-4\Desktop\image_RBPlaneFilter\image_threshold\x64\Debug\link.8096-rc.write.1.tlog
C:\Users\PC-4\Desktop\image_RBPlaneFilter\image_threshold\x64\Debug\link.8096.read.1.tlog
C:\Users\PC-4\Desktop\image_RBPlaneFilter\image_threshold\x64\Debug\link.8096.write.1.tlog
C:\Users\PC-4\Desktop\image_RBPlaneFilter\image_threshold\x64\Debug\link.8912-cvtres.read.1.tlog
C:\Users\PC-4\Desktop\image_RBPlaneFilter\image_threshold\x64\Debug\link.8912-cvtres.write.1.tlog
C:\Users\PC-4\Desktop\image_RBPlaneFilter\image_threshold\x64\Debug\link.8912-rc.read.1.tlog
C:\Users\PC-4\Desktop\image_RBPlaneFilter\image_threshold\x64\Debug\link.8912-rc.write.1.tlog
C:\Users\PC-4\Desktop\image_RBPlaneFilter\image_threshold\x64\Debug\link.8912.read.1.tlog
C:\Users\PC-4\Desktop\image_RBPlaneFilter\image_threshold\x64\Debug\link.8912.write.1.tlog
C:\Users\PC-4\Desktop\image_RBPlaneFilter\image_threshold\x64\Debug\link.command.1.tlog
C:\Users\PC-4\Desktop\image_RBPlaneFilter\image_threshold\x64\Debug\link.read.1.tlog
C:\Users\PC-4\Desktop\image_RBPlaneFilter\image_threshold\x64\Debug\link.write.1.tlog
C:\Users\PC-4\Desktop\image_RBPlaneFilter\image_threshold\x64\Debug\vc110.idb
C:\Users\PC-4\Desktop\image_RBPlaneFilter\image_threshold\x64\Debug\vc110.pdb
C:\Users\PC-4\Desktop\image_RBPlaneFilter\x64\Debug\image_threshold.pdb
C:\Users\PC-4\Desktop\image_RBPlaneFilter\x64\Debug\image_threshold.exe
C:\Users\PC-4\Desktop\image_RBPlaneFilter\x64\Debug\image_threshold.ilk
